<?xml version="1.0" encoding="UTF-8"?>
<!-- Generated by org.testng.reporters.JUnitXMLReporter -->
<testsuite hostname="DELL-PC" ignored="0" name="Command line test" tests="3" failures="0" timestamp="2020-05-05T11:28:52 IST" time="0.12" errors="0">
  <testcase name="sample" time="0.013" classname="Revanth.AppiumTest"/>
  <testcase name="sample" time="0.001" classname="Revanth.RESTAPITest"/>
  <testcase name="sample" time="0.0" classname="Revanth.SeleniumTest"/>
</testsuite> <!-- Command line test -->
