<?xml version="1.0" encoding="UTF-8"?>
<testng-results skipped="0" failed="0" ignored="0" total="2" passed="2">
  <reporter-output>
  </reporter-output>
  <suite name="Suite" duration-ms="114" started-at="2020-05-05T11:36:24 IST" finished-at="2020-05-05T11:36:24 IST">
    <groups>
    </groups>
    <test name="Test" duration-ms="114" started-at="2020-05-05T11:36:24 IST" finished-at="2020-05-05T11:36:24 IST">
      <class name="Revanth.AppiumTest">
        <test-method status="PASS" signature="sample()[pri:0, instance:Revanth.AppiumTest@18eed359]" name="sample" duration-ms="0" started-at="2020-05-05T11:36:24 IST" finished-at="2020-05-05T11:36:24 IST">
          <reporter-output>
          </reporter-output>
        </test-method> <!-- sample -->
      </class> <!-- Revanth.AppiumTest -->
      <class name="Revanth.SeleniumTest">
        <test-method status="PASS" signature="sample()[pri:0, instance:Revanth.SeleniumTest@520a3426]" name="sample" duration-ms="12" started-at="2020-05-05T11:36:24 IST" finished-at="2020-05-05T11:36:24 IST">
          <reporter-output>
          </reporter-output>
        </test-method> <!-- sample -->
      </class> <!-- Revanth.SeleniumTest -->
    </test> <!-- Test -->
  </suite> <!-- Suite -->
</testng-results>
